04/12/2023 08:45:54 a. m. - DEBUG:Export VBA Files To VSCode Start
04/12/2023 08:45:54 a. m. - DEBUG:EXPORTING CLASS MODULES:ThisWorkbook.cls Type: 100 - ThisWorkbook
04/12/2023 08:45:54 a. m. - DEBUG:EXPORTING MODULES:Module1.bas Type: 1 - Module1
04/12/2023 08:45:54 a. m. - DEBUG:EXPORTING MODULES:Module2.bas Type: 1 - Module2
04/12/2023 08:45:54 a. m. - DEBUG:EXPORTING MODULES:Module3.bas Type: 1 - Module3
04/12/2023 08:45:54 a. m. - DEBUG:EXPORTING MODULES:Module4.bas Type: 1 - Module4
04/12/2023 08:45:54 a. m. - DEBUG:EXPORTING MODULES:Module5.bas Type: 1 - Module5
04/12/2023 08:45:54 a. m. - DEBUG:EXPORTING MODULES:Module6.bas Type: 1 - Module6
04/12/2023 08:45:54 a. m. - DEBUG:EXPORTING MODULES:Module7.bas Type: 1 - Module7
04/12/2023 08:45:54 a. m. - DEBUG:EXPORTING CLASS MODULES:Sheet9.cls Type: 100 - Sheet9
04/12/2023 08:45:54 a. m. - DEBUG:EXPORTING CLASS MODULES:Sheet11.cls Type: 100 - Sheet11
04/12/2023 08:45:54 a. m. - DEBUG:EXPORTING FORM MODULES:UserForm3.frmType: 3 - UserForm3
04/12/2023 08:45:54 a. m. - DEBUG:EXPORTING CLASS MODULES:Sheet1.cls Type: 100 - Sheet1
04/12/2023 08:45:54 a. m. - DEBUG:EXPORTING MODULES:Module8.bas Type: 1 - Module8
04/12/2023 08:45:54 a. m. - DEBUG:EXPORTING CLASS MODULES:Sheet2.cls Type: 100 - Sheet2
04/12/2023 08:45:54 a. m. - DEBUG:Export VBA Files To VSCode Finish
04/12/2023 08:52:35 a. m. - DEBUG:Export VBA Files To VSCode Start
04/12/2023 08:52:35 a. m. - DEBUG:EXPORTING CLASS MODULES:ThisWorkbook.cls Type: 100 - ThisWorkbook
04/12/2023 08:52:35 a. m. - DEBUG:EXPORTING MODULES:Module1.bas Type: 1 - Module1
04/12/2023 08:52:35 a. m. - DEBUG:EXPORTING MODULES:Module2.bas Type: 1 - Module2
04/12/2023 08:52:35 a. m. - DEBUG:EXPORTING MODULES:Module3.bas Type: 1 - Module3
04/12/2023 08:52:35 a. m. - DEBUG:EXPORTING MODULES:Module4.bas Type: 1 - Module4
04/12/2023 08:52:35 a. m. - DEBUG:EXPORTING MODULES:Module5.bas Type: 1 - Module5
04/12/2023 08:52:35 a. m. - DEBUG:EXPORTING MODULES:Module6.bas Type: 1 - Module6
04/12/2023 08:52:35 a. m. - DEBUG:EXPORTING MODULES:Module7.bas Type: 1 - Module7
04/12/2023 08:52:35 a. m. - DEBUG:EXPORTING CLASS MODULES:Sheet9.cls Type: 100 - Sheet9
04/12/2023 08:52:35 a. m. - DEBUG:EXPORTING CLASS MODULES:Sheet11.cls Type: 100 - Sheet11
04/12/2023 08:52:35 a. m. - DEBUG:EXPORTING FORM MODULES:UserForm3.frmType: 3 - UserForm3
04/12/2023 08:52:35 a. m. - DEBUG:EXPORTING CLASS MODULES:Sheet1.cls Type: 100 - Sheet1
04/12/2023 08:52:35 a. m. - DEBUG:EXPORTING MODULES:Module8.bas Type: 1 - Module8
04/12/2023 08:52:35 a. m. - DEBUG:EXPORTING CLASS MODULES:Sheet2.cls Type: 100 - Sheet2
04/12/2023 08:52:35 a. m. - DEBUG:Export VBA Files To VSCode Finish
04/12/2023 12:10:18 p. m. - DEBUG:Export VBA Files To VSCode Start
04/12/2023 12:10:18 p. m. - DEBUG:EXPORTING CLASS MODULES:ThisWorkbook.cls Type: 100 - ThisWorkbook
04/12/2023 12:10:18 p. m. - DEBUG:EXPORTING CLASS MODULES:Sheet9.cls Type: 100 - Sheet9
04/12/2023 12:10:18 p. m. - DEBUG:EXPORTING CLASS MODULES:Sheet11.cls Type: 100 - Sheet11
04/12/2023 12:10:18 p. m. - DEBUG:EXPORTING CLASS MODULES:Sheet1.cls Type: 100 - Sheet1
04/12/2023 12:10:18 p. m. - DEBUG:EXPORTING CLASS MODULES:Sheet2.cls Type: 100 - Sheet2
04/12/2023 12:10:18 p. m. - DEBUG:EXPORTING FORM MODULES:UserForm3.frmType: 3 - UserForm3
04/12/2023 12:10:19 p. m. - DEBUG:EXPORTING MODULES:Module1.bas Type: 1 - Module1
04/12/2023 12:10:19 p. m. - DEBUG:EXPORTING MODULES:Module2.bas Type: 1 - Module2
04/12/2023 12:10:19 p. m. - DEBUG:EXPORTING MODULES:Module3.bas Type: 1 - Module3
04/12/2023 12:10:19 p. m. - DEBUG:EXPORTING MODULES:Module4.bas Type: 1 - Module4
04/12/2023 12:10:19 p. m. - DEBUG:EXPORTING MODULES:Module5.bas Type: 1 - Module5
04/12/2023 12:10:19 p. m. - DEBUG:EXPORTING MODULES:Module6.bas Type: 1 - Module6
04/12/2023 12:10:19 p. m. - DEBUG:EXPORTING MODULES:Module7.bas Type: 1 - Module7
04/12/2023 12:10:19 p. m. - DEBUG:EXPORTING MODULES:Module8.bas Type: 1 - Module8
04/12/2023 12:10:19 p. m. - DEBUG:EXPORTING CLASS MODULES:Xdebug.cls Type: 2 - Xdebug
04/12/2023 12:10:19 p. m. - DEBUG:Export VBA Files To VSCode Finish
