04/12/2023 08:37:07 a. m. - DEBUG:Importing VBA Files from: C:\Users\3762091\Desktop\trabajo\Proyecto Excel\Excel\Con Macros\IMED_Project_Excel_Macros\IMED_Project_Excel_Macros-ver1.2\vba-files
04/12/2023 08:37:07 a. m. - DEBUG:Importing VBA Files from: C:\Users\3762091\Desktop\trabajo\Proyecto Excel\Excel\Con Macros\IMED_Project_Excel_Macros\IMED_Project_Excel_Macros-ver1.2\vba-files\Class
04/12/2023 08:37:07 a. m. - DEBUG:CLASS UPDATED: Sheet1 FROM FILE: C:\Users\3762091\Desktop\trabajo\Proyecto Excel\Excel\Con Macros\IMED_Project_Excel_Macros\IMED_Project_Excel_Macros-ver1.2\vba-files\Class\Sheet1.cls
04/12/2023 08:37:07 a. m. - DEBUG:CLASS UPDATED: Sheet11 FROM FILE: C:\Users\3762091\Desktop\trabajo\Proyecto Excel\Excel\Con Macros\IMED_Project_Excel_Macros\IMED_Project_Excel_Macros-ver1.2\vba-files\Class\Sheet11.cls
04/12/2023 08:37:07 a. m. - DEBUG:CLASS UPDATED: Sheet2 FROM FILE: C:\Users\3762091\Desktop\trabajo\Proyecto Excel\Excel\Con Macros\IMED_Project_Excel_Macros\IMED_Project_Excel_Macros-ver1.2\vba-files\Class\Sheet2.cls
04/12/2023 08:37:07 a. m. - DEBUG:CLASS UPDATED: Sheet9 FROM FILE: C:\Users\3762091\Desktop\trabajo\Proyecto Excel\Excel\Con Macros\IMED_Project_Excel_Macros\IMED_Project_Excel_Macros-ver1.2\vba-files\Class\Sheet9.cls
04/12/2023 08:37:07 a. m. - DEBUG:CLASS UPDATED: ThisWorkbook FROM FILE: C:\Users\3762091\Desktop\trabajo\Proyecto Excel\Excel\Con Macros\IMED_Project_Excel_Macros\IMED_Project_Excel_Macros-ver1.2\vba-files\Class\ThisWorkbook.cls
04/12/2023 08:37:07 a. m. - DEBUG:Importing VBA Files from: C:\Users\3762091\Desktop\trabajo\Proyecto Excel\Excel\Con Macros\IMED_Project_Excel_Macros\IMED_Project_Excel_Macros-ver1.2\vba-files\Form
04/12/2023 08:37:07 a. m. - DEBUG:FORM IMPORTED: UserForm3.frm FROM FILE: C:\Users\3762091\Desktop\trabajo\Proyecto Excel\Excel\Con Macros\IMED_Project_Excel_Macros\IMED_Project_Excel_Macros-ver1.2\vba-files\Form\UserForm3.frm TO EXCEL
04/12/2023 08:37:07 a. m. - DEBUG:Importing VBA Files from: C:\Users\3762091\Desktop\trabajo\Proyecto Excel\Excel\Con Macros\IMED_Project_Excel_Macros\IMED_Project_Excel_Macros-ver1.2\vba-files\Module
04/12/2023 08:37:07 a. m. - DEBUG:MODULE IMPORTED: Module1.bas FROM FILE: C:\Users\3762091\Desktop\trabajo\Proyecto Excel\Excel\Con Macros\IMED_Project_Excel_Macros\IMED_Project_Excel_Macros-ver1.2\vba-files\Module\Module1.bas TO EXCEL
04/12/2023 08:37:07 a. m. - DEBUG:MODULE IMPORTED: Module2.bas FROM FILE: C:\Users\3762091\Desktop\trabajo\Proyecto Excel\Excel\Con Macros\IMED_Project_Excel_Macros\IMED_Project_Excel_Macros-ver1.2\vba-files\Module\Module2.bas TO EXCEL
04/12/2023 08:37:07 a. m. - DEBUG:MODULE IMPORTED: Module3.bas FROM FILE: C:\Users\3762091\Desktop\trabajo\Proyecto Excel\Excel\Con Macros\IMED_Project_Excel_Macros\IMED_Project_Excel_Macros-ver1.2\vba-files\Module\Module3.bas TO EXCEL
04/12/2023 08:37:07 a. m. - DEBUG:MODULE IMPORTED: Module4.bas FROM FILE: C:\Users\3762091\Desktop\trabajo\Proyecto Excel\Excel\Con Macros\IMED_Project_Excel_Macros\IMED_Project_Excel_Macros-ver1.2\vba-files\Module\Module4.bas TO EXCEL
04/12/2023 08:37:07 a. m. - DEBUG:MODULE IMPORTED: Module5.bas FROM FILE: C:\Users\3762091\Desktop\trabajo\Proyecto Excel\Excel\Con Macros\IMED_Project_Excel_Macros\IMED_Project_Excel_Macros-ver1.2\vba-files\Module\Module5.bas TO EXCEL
04/12/2023 08:37:07 a. m. - DEBUG:MODULE IMPORTED: Module6.bas FROM FILE: C:\Users\3762091\Desktop\trabajo\Proyecto Excel\Excel\Con Macros\IMED_Project_Excel_Macros\IMED_Project_Excel_Macros-ver1.2\vba-files\Module\Module6.bas TO EXCEL
04/12/2023 08:37:07 a. m. - DEBUG:MODULE IMPORTED: Module7.bas FROM FILE: C:\Users\3762091\Desktop\trabajo\Proyecto Excel\Excel\Con Macros\IMED_Project_Excel_Macros\IMED_Project_Excel_Macros-ver1.2\vba-files\Module\Module7.bas TO EXCEL
04/12/2023 08:37:07 a. m. - DEBUG:MODULE IMPORTED: Module8.bas FROM FILE: C:\Users\3762091\Desktop\trabajo\Proyecto Excel\Excel\Con Macros\IMED_Project_Excel_Macros\IMED_Project_Excel_Macros-ver1.2\vba-files\Module\Module8.bas TO EXCEL
04/12/2023 08:37:07 a. m. - DEBUG:Importing VBA Files from: C:\Users\3762091\Desktop\trabajo\Proyecto Excel\Excel\Con Macros\IMED_Project_Excel_Macros\IMED_Project_Excel_Macros-ver1.2\xvba_modules
04/12/2023 08:37:07 a. m. - DEBUG:Importing VBA Files from: C:\Users\3762091\Desktop\trabajo\Proyecto Excel\Excel\Con Macros\IMED_Project_Excel_Macros\IMED_Project_Excel_Macros-ver1.2\xvba_modules\excel-types
04/12/2023 08:37:07 a. m. - DEBUG:Importing VBA Files from: C:\Users\3762091\Desktop\trabajo\Proyecto Excel\Excel\Con Macros\IMED_Project_Excel_Macros\IMED_Project_Excel_Macros-ver1.2\xvba_modules\Xdebug
04/12/2023 08:37:07 a. m. - DEBUG:CLASS IMPORTED: Xdebug FROM FILE: C:\Users\3762091\Desktop\trabajo\Proyecto Excel\Excel\Con Macros\IMED_Project_Excel_Macros\IMED_Project_Excel_Macros-ver1.2\xvba_modules\Xdebug\Xdebug.cls
04/12/2023 08:37:07 a. m. - DEBUG:Importing VBA Files from: C:\Users\3762091\Desktop\trabajo\Proyecto Excel\Excel\Con Macros\IMED_Project_Excel_Macros\IMED_Project_Excel_Macros-ver1.2\xvba_modules\Xdebug\images
04/12/2023 08:37:07 a. m. - DEBUG:Import VBA Files Finish
04/12/2023 11:39:11 a. m. - DEBUG:Importing VBA Files from: C:\Users\3762091\Desktop\trabajo\Proyecto Excel\Excel\Con Macros\IMED_Project_Excel_Macros\IMED_Project_Excel_Macros-ver1.2\vba-files
04/12/2023 11:39:11 a. m. - DEBUG:Importing VBA Files from: C:\Users\3762091\Desktop\trabajo\Proyecto Excel\Excel\Con Macros\IMED_Project_Excel_Macros\IMED_Project_Excel_Macros-ver1.2\vba-files\Class
04/12/2023 11:39:11 a. m. - DEBUG:CLASS UPDATED: Sheet1 FROM FILE: C:\Users\3762091\Desktop\trabajo\Proyecto Excel\Excel\Con Macros\IMED_Project_Excel_Macros\IMED_Project_Excel_Macros-ver1.2\vba-files\Class\Sheet1.cls
04/12/2023 11:39:11 a. m. - DEBUG:CLASS UPDATED: Sheet11 FROM FILE: C:\Users\3762091\Desktop\trabajo\Proyecto Excel\Excel\Con Macros\IMED_Project_Excel_Macros\IMED_Project_Excel_Macros-ver1.2\vba-files\Class\Sheet11.cls
04/12/2023 11:39:11 a. m. - DEBUG:CLASS UPDATED: Sheet2 FROM FILE: C:\Users\3762091\Desktop\trabajo\Proyecto Excel\Excel\Con Macros\IMED_Project_Excel_Macros\IMED_Project_Excel_Macros-ver1.2\vba-files\Class\Sheet2.cls
04/12/2023 11:39:11 a. m. - DEBUG:CLASS UPDATED: Sheet9 FROM FILE: C:\Users\3762091\Desktop\trabajo\Proyecto Excel\Excel\Con Macros\IMED_Project_Excel_Macros\IMED_Project_Excel_Macros-ver1.2\vba-files\Class\Sheet9.cls
04/12/2023 11:39:11 a. m. - DEBUG:CLASS UPDATED: ThisWorkbook FROM FILE: C:\Users\3762091\Desktop\trabajo\Proyecto Excel\Excel\Con Macros\IMED_Project_Excel_Macros\IMED_Project_Excel_Macros-ver1.2\vba-files\Class\ThisWorkbook.cls
04/12/2023 11:39:11 a. m. - DEBUG:Importing VBA Files from: C:\Users\3762091\Desktop\trabajo\Proyecto Excel\Excel\Con Macros\IMED_Project_Excel_Macros\IMED_Project_Excel_Macros-ver1.2\vba-files\Form
04/12/2023 11:39:11 a. m. - DEBUG:FORM IMPORTED: UserForm3.frm FROM FILE: C:\Users\3762091\Desktop\trabajo\Proyecto Excel\Excel\Con Macros\IMED_Project_Excel_Macros\IMED_Project_Excel_Macros-ver1.2\vba-files\Form\UserForm3.frm TO EXCEL
04/12/2023 11:39:11 a. m. - DEBUG:Importing VBA Files from: C:\Users\3762091\Desktop\trabajo\Proyecto Excel\Excel\Con Macros\IMED_Project_Excel_Macros\IMED_Project_Excel_Macros-ver1.2\vba-files\Module
04/12/2023 11:39:11 a. m. - DEBUG:MODULE IMPORTED: Module1.bas FROM FILE: C:\Users\3762091\Desktop\trabajo\Proyecto Excel\Excel\Con Macros\IMED_Project_Excel_Macros\IMED_Project_Excel_Macros-ver1.2\vba-files\Module\Module1.bas TO EXCEL
04/12/2023 11:39:11 a. m. - DEBUG:MODULE IMPORTED: Module2.bas FROM FILE: C:\Users\3762091\Desktop\trabajo\Proyecto Excel\Excel\Con Macros\IMED_Project_Excel_Macros\IMED_Project_Excel_Macros-ver1.2\vba-files\Module\Module2.bas TO EXCEL
04/12/2023 11:39:11 a. m. - DEBUG:MODULE IMPORTED: Module3.bas FROM FILE: C:\Users\3762091\Desktop\trabajo\Proyecto Excel\Excel\Con Macros\IMED_Project_Excel_Macros\IMED_Project_Excel_Macros-ver1.2\vba-files\Module\Module3.bas TO EXCEL
04/12/2023 11:39:11 a. m. - DEBUG:MODULE IMPORTED: Module4.bas FROM FILE: C:\Users\3762091\Desktop\trabajo\Proyecto Excel\Excel\Con Macros\IMED_Project_Excel_Macros\IMED_Project_Excel_Macros-ver1.2\vba-files\Module\Module4.bas TO EXCEL
04/12/2023 11:39:11 a. m. - DEBUG:MODULE IMPORTED: Module5.bas FROM FILE: C:\Users\3762091\Desktop\trabajo\Proyecto Excel\Excel\Con Macros\IMED_Project_Excel_Macros\IMED_Project_Excel_Macros-ver1.2\vba-files\Module\Module5.bas TO EXCEL
04/12/2023 11:39:11 a. m. - DEBUG:MODULE IMPORTED: Module6.bas FROM FILE: C:\Users\3762091\Desktop\trabajo\Proyecto Excel\Excel\Con Macros\IMED_Project_Excel_Macros\IMED_Project_Excel_Macros-ver1.2\vba-files\Module\Module6.bas TO EXCEL
04/12/2023 11:39:11 a. m. - DEBUG:MODULE IMPORTED: Module7.bas FROM FILE: C:\Users\3762091\Desktop\trabajo\Proyecto Excel\Excel\Con Macros\IMED_Project_Excel_Macros\IMED_Project_Excel_Macros-ver1.2\vba-files\Module\Module7.bas TO EXCEL
04/12/2023 11:39:11 a. m. - DEBUG:MODULE IMPORTED: Module8.bas FROM FILE: C:\Users\3762091\Desktop\trabajo\Proyecto Excel\Excel\Con Macros\IMED_Project_Excel_Macros\IMED_Project_Excel_Macros-ver1.2\vba-files\Module\Module8.bas TO EXCEL
04/12/2023 11:39:11 a. m. - DEBUG:Importing VBA Files from: C:\Users\3762091\Desktop\trabajo\Proyecto Excel\Excel\Con Macros\IMED_Project_Excel_Macros\IMED_Project_Excel_Macros-ver1.2\xvba_modules
04/12/2023 11:39:11 a. m. - DEBUG:Importing VBA Files from: C:\Users\3762091\Desktop\trabajo\Proyecto Excel\Excel\Con Macros\IMED_Project_Excel_Macros\IMED_Project_Excel_Macros-ver1.2\xvba_modules\excel-types
04/12/2023 11:39:11 a. m. - DEBUG:Importing VBA Files from: C:\Users\3762091\Desktop\trabajo\Proyecto Excel\Excel\Con Macros\IMED_Project_Excel_Macros\IMED_Project_Excel_Macros-ver1.2\xvba_modules\Xdebug
04/12/2023 11:39:11 a. m. - DEBUG:CLASS IMPORTED: Xdebug FROM FILE: C:\Users\3762091\Desktop\trabajo\Proyecto Excel\Excel\Con Macros\IMED_Project_Excel_Macros\IMED_Project_Excel_Macros-ver1.2\xvba_modules\Xdebug\Xdebug.cls
04/12/2023 11:39:11 a. m. - DEBUG:Importing VBA Files from: C:\Users\3762091\Desktop\trabajo\Proyecto Excel\Excel\Con Macros\IMED_Project_Excel_Macros\IMED_Project_Excel_Macros-ver1.2\xvba_modules\Xdebug\images
04/12/2023 11:39:11 a. m. - DEBUG:Import VBA Files Finish
