04/12/2023 08:45:54 a. m. - DEBUG:Export VBA Files To VSCode Start
04/12/2023 08:45:54 a. m. - DEBUG:EXPORTING CLASS MODULES:ThisWorkbook.cls Type: 100 - ThisWorkbook
04/12/2023 08:45:54 a. m. - DEBUG:EXPORTING MODULES:Module1.bas Type: 1 - Module1
04/12/2023 08:45:54 a. m. - DEBUG:EXPORTING MODULES:Module2.bas Type: 1 - Module2
04/12/2023 08:45:54 a. m. - DEBUG:EXPORTING MODULES:Module3.bas Type: 1 - Module3
04/12/2023 08:45:54 a. m. - DEBUG:EXPORTING MODULES:Module4.bas Type: 1 - Module4
04/12/2023 08:45:54 a. m. - DEBUG:EXPORTING MODULES:Module5.bas Type: 1 - Module5
04/12/2023 08:45:54 a. m. - DEBUG:EXPORTING MODULES:Module6.bas Type: 1 - Module6
04/12/2023 08:45:54 a. m. - DEBUG:EXPORTING MODULES:Module7.bas Type: 1 - Module7
04/12/2023 08:45:54 a. m. - DEBUG:EXPORTING CLASS MODULES:Sheet9.cls Type: 100 - Sheet9
04/12/2023 08:45:54 a. m. - DEBUG:EXPORTING CLASS MODULES:Sheet11.cls Type: 100 - Sheet11
04/12/2023 08:45:54 a. m. - DEBUG:EXPORTING FORM MODULES:UserForm3.frmType: 3 - UserForm3
04/12/2023 08:45:54 a. m. - DEBUG:EXPORTING CLASS MODULES:Sheet1.cls Type: 100 - Sheet1
04/12/2023 08:45:54 a. m. - DEBUG:EXPORTING MODULES:Module8.bas Type: 1 - Module8
04/12/2023 08:45:54 a. m. - DEBUG:EXPORTING CLASS MODULES:Sheet2.cls Type: 100 - Sheet2
04/12/2023 08:45:54 a. m. - DEBUG:Export VBA Files To VSCode Finish
04/12/2023 08:52:35 a. m. - DEBUG:Export VBA Files To VSCode Start
04/12/2023 08:52:35 a. m. - DEBUG:EXPORTING CLASS MODULES:ThisWorkbook.cls Type: 100 - ThisWorkbook
04/12/2023 08:52:35 a. m. - DEBUG:EXPORTING MODULES:Module1.bas Type: 1 - Module1
04/12/2023 08:52:35 a. m. - DEBUG:EXPORTING MODULES:Module2.bas Type: 1 - Module2
04/12/2023 08:52:35 a. m. - DEBUG:EXPORTING MODULES:Module3.bas Type: 1 - Module3
04/12/2023 08:52:35 a. m. - DEBUG:EXPORTING MODULES:Module4.bas Type: 1 - Module4
04/12/2023 08:52:35 a. m. - DEBUG:EXPORTING MODULES:Module5.bas Type: 1 - Module5
04/12/2023 08:52:35 a. m. - DEBUG:EXPORTING MODULES:Module6.bas Type: 1 - Module6
04/12/2023 08:52:35 a. m. - DEBUG:EXPORTING MODULES:Module7.bas Type: 1 - Module7
04/12/2023 08:52:35 a. m. - DEBUG:EXPORTING CLASS MODULES:Sheet9.cls Type: 100 - Sheet9
04/12/2023 08:52:35 a. m. - DEBUG:EXPORTING CLASS MODULES:Sheet11.cls Type: 100 - Sheet11
04/12/2023 08:52:35 a. m. - DEBUG:EXPORTING FORM MODULES:UserForm3.frmType: 3 - UserForm3
04/12/2023 08:52:35 a. m. - DEBUG:EXPORTING CLASS MODULES:Sheet1.cls Type: 100 - Sheet1
04/12/2023 08:52:35 a. m. - DEBUG:EXPORTING MODULES:Module8.bas Type: 1 - Module8
04/12/2023 08:52:35 a. m. - DEBUG:EXPORTING CLASS MODULES:Sheet2.cls Type: 100 - Sheet2
04/12/2023 08:52:35 a. m. - DEBUG:Export VBA Files To VSCode Finish
04/12/2023 12:10:18 p. m. - DEBUG:Export VBA Files To VSCode Start
04/12/2023 12:10:18 p. m. - DEBUG:EXPORTING CLASS MODULES:ThisWorkbook.cls Type: 100 - ThisWorkbook
04/12/2023 12:10:18 p. m. - DEBUG:EXPORTING CLASS MODULES:Sheet9.cls Type: 100 - Sheet9
04/12/2023 12:10:18 p. m. - DEBUG:EXPORTING CLASS MODULES:Sheet11.cls Type: 100 - Sheet11
04/12/2023 12:10:18 p. m. - DEBUG:EXPORTING CLASS MODULES:Sheet1.cls Type: 100 - Sheet1
04/12/2023 12:10:18 p. m. - DEBUG:EXPORTING CLASS MODULES:Sheet2.cls Type: 100 - Sheet2
04/12/2023 12:10:18 p. m. - DEBUG:EXPORTING FORM MODULES:UserForm3.frmType: 3 - UserForm3
04/12/2023 12:10:19 p. m. - DEBUG:EXPORTING MODULES:Module1.bas Type: 1 - Module1
04/12/2023 12:10:19 p. m. - DEBUG:EXPORTING MODULES:Module2.bas Type: 1 - Module2
04/12/2023 12:10:19 p. m. - DEBUG:EXPORTING MODULES:Module3.bas Type: 1 - Module3
04/12/2023 12:10:19 p. m. - DEBUG:EXPORTING MODULES:Module4.bas Type: 1 - Module4
04/12/2023 12:10:19 p. m. - DEBUG:EXPORTING MODULES:Module5.bas Type: 1 - Module5
04/12/2023 12:10:19 p. m. - DEBUG:EXPORTING MODULES:Module6.bas Type: 1 - Module6
04/12/2023 12:10:19 p. m. - DEBUG:EXPORTING MODULES:Module7.bas Type: 1 - Module7
04/12/2023 12:10:19 p. m. - DEBUG:EXPORTING MODULES:Module8.bas Type: 1 - Module8
04/12/2023 12:10:19 p. m. - DEBUG:EXPORTING CLASS MODULES:Xdebug.cls Type: 2 - Xdebug
04/12/2023 12:10:19 p. m. - DEBUG:Export VBA Files To VSCode Finish
05/12/2023 08:19:57 a. m. - DEBUG:Export VBA Files To VSCode Start
05/12/2023 08:19:57 a. m. - DEBUG:EXPORTING CLASS MODULES:ThisWorkbook.cls Type: 100 - ThisWorkbook
05/12/2023 08:19:57 a. m. - DEBUG:EXPORTING CLASS MODULES:Sheet9.cls Type: 100 - Sheet9
05/12/2023 08:19:57 a. m. - DEBUG:EXPORTING CLASS MODULES:Sheet11.cls Type: 100 - Sheet11
05/12/2023 08:19:57 a. m. - DEBUG:EXPORTING CLASS MODULES:Sheet1.cls Type: 100 - Sheet1
05/12/2023 08:19:57 a. m. - DEBUG:EXPORTING CLASS MODULES:Sheet2.cls Type: 100 - Sheet2
05/12/2023 08:19:57 a. m. - DEBUG:EXPORTING FORM MODULES:UserForm3.frmType: 3 - UserForm3
05/12/2023 08:19:57 a. m. - DEBUG:EXPORTING MODULES:Module1.bas Type: 1 - Module1
05/12/2023 08:19:57 a. m. - DEBUG:EXPORTING MODULES:Module2.bas Type: 1 - Module2
05/12/2023 08:19:57 a. m. - DEBUG:EXPORTING MODULES:Module3.bas Type: 1 - Module3
05/12/2023 08:19:57 a. m. - DEBUG:EXPORTING MODULES:Module4.bas Type: 1 - Module4
05/12/2023 08:19:57 a. m. - DEBUG:EXPORTING MODULES:Module5.bas Type: 1 - Module5
05/12/2023 08:19:57 a. m. - DEBUG:EXPORTING MODULES:Module6.bas Type: 1 - Module6
05/12/2023 08:19:57 a. m. - DEBUG:EXPORTING MODULES:Module7.bas Type: 1 - Module7
05/12/2023 08:19:57 a. m. - DEBUG:EXPORTING MODULES:Module8.bas Type: 1 - Module8
05/12/2023 08:19:57 a. m. - DEBUG:EXPORTING CLASS MODULES:Xdebug.cls Type: 2 - Xdebug
05/12/2023 08:19:57 a. m. - DEBUG:Export VBA Files To VSCode Finish
05/12/2023 08:28:13 a. m. - DEBUG:Export VBA Files To VSCode Start
05/12/2023 08:28:13 a. m. - DEBUG:EXPORTING CLASS MODULES:ThisWorkbook.cls Type: 100 - ThisWorkbook
05/12/2023 08:28:13 a. m. - DEBUG:EXPORTING CLASS MODULES:Sheet9.cls Type: 100 - Sheet9
05/12/2023 08:28:13 a. m. - DEBUG:EXPORTING CLASS MODULES:Sheet11.cls Type: 100 - Sheet11
05/12/2023 08:28:13 a. m. - DEBUG:EXPORTING CLASS MODULES:Sheet1.cls Type: 100 - Sheet1
05/12/2023 08:28:13 a. m. - DEBUG:EXPORTING CLASS MODULES:Sheet2.cls Type: 100 - Sheet2
05/12/2023 08:28:13 a. m. - DEBUG:EXPORTING FORM MODULES:UserForm3.frmType: 3 - UserForm3
05/12/2023 08:28:13 a. m. - DEBUG:EXPORTING MODULES:Module1.bas Type: 1 - Module1
05/12/2023 08:28:13 a. m. - DEBUG:EXPORTING MODULES:Module2.bas Type: 1 - Module2
05/12/2023 08:28:13 a. m. - DEBUG:EXPORTING MODULES:Module3.bas Type: 1 - Module3
05/12/2023 08:28:13 a. m. - DEBUG:EXPORTING MODULES:Module4.bas Type: 1 - Module4
05/12/2023 08:28:13 a. m. - DEBUG:EXPORTING MODULES:Module6.bas Type: 1 - Module6
05/12/2023 08:28:13 a. m. - DEBUG:EXPORTING MODULES:Module7.bas Type: 1 - Module7
05/12/2023 08:28:13 a. m. - DEBUG:EXPORTING MODULES:Module8.bas Type: 1 - Module8
05/12/2023 08:28:13 a. m. - DEBUG:EXPORTING CLASS MODULES:Xdebug.cls Type: 2 - Xdebug
05/12/2023 08:28:13 a. m. - DEBUG:Export VBA Files To VSCode Finish
05/12/2023 10:54:38 a. m. - DEBUG:Export VBA Files To VSCode Start
05/12/2023 10:54:38 a. m. - DEBUG:EXPORTING CLASS MODULES:ThisWorkbook.cls Type: 100 - ThisWorkbook
05/12/2023 10:54:38 a. m. - DEBUG:EXPORTING CLASS MODULES:Sheet9.cls Type: 100 - Sheet9
05/12/2023 10:54:38 a. m. - DEBUG:EXPORTING CLASS MODULES:Sheet11.cls Type: 100 - Sheet11
05/12/2023 10:54:38 a. m. - DEBUG:EXPORTING CLASS MODULES:Sheet1.cls Type: 100 - Sheet1
05/12/2023 10:54:38 a. m. - DEBUG:EXPORTING CLASS MODULES:Sheet2.cls Type: 100 - Sheet2
05/12/2023 10:54:38 a. m. - DEBUG:EXPORTING FORM MODULES:UserForm3.frmType: 3 - UserForm3
05/12/2023 10:54:38 a. m. - DEBUG:EXPORTING MODULES:Module1.bas Type: 1 - Module1
05/12/2023 10:54:38 a. m. - DEBUG:EXPORTING MODULES:Module2.bas Type: 1 - Module2
05/12/2023 10:54:38 a. m. - DEBUG:EXPORTING MODULES:Module3.bas Type: 1 - Module3
05/12/2023 10:54:38 a. m. - DEBUG:EXPORTING MODULES:Module4.bas Type: 1 - Module4
05/12/2023 10:54:38 a. m. - DEBUG:EXPORTING MODULES:Module6.bas Type: 1 - Module6
05/12/2023 10:54:38 a. m. - DEBUG:EXPORTING MODULES:Module7.bas Type: 1 - Module7
05/12/2023 10:54:38 a. m. - DEBUG:EXPORTING MODULES:Module8.bas Type: 1 - Module8
05/12/2023 10:54:38 a. m. - DEBUG:EXPORTING CLASS MODULES:Xdebug.cls Type: 2 - Xdebug
05/12/2023 10:54:38 a. m. - DEBUG:Export VBA Files To VSCode Finish
05/12/2023 11:05:00 a. m. - DEBUG:Export VBA Files To VSCode Start
05/12/2023 11:05:00 a. m. - DEBUG:EXPORTING CLASS MODULES:ThisWorkbook.cls Type: 100 - ThisWorkbook
05/12/2023 11:05:00 a. m. - DEBUG:EXPORTING CLASS MODULES:Sheet9.cls Type: 100 - Sheet9
05/12/2023 11:05:00 a. m. - DEBUG:EXPORTING CLASS MODULES:Sheet11.cls Type: 100 - Sheet11
05/12/2023 11:05:00 a. m. - DEBUG:EXPORTING CLASS MODULES:Sheet1.cls Type: 100 - Sheet1
05/12/2023 11:05:00 a. m. - DEBUG:EXPORTING CLASS MODULES:Sheet2.cls Type: 100 - Sheet2
05/12/2023 11:05:00 a. m. - DEBUG:EXPORTING FORM MODULES:UserForm3.frmType: 3 - UserForm3
05/12/2023 11:05:00 a. m. - DEBUG:EXPORTING MODULES:Module1.bas Type: 1 - Module1
05/12/2023 11:05:00 a. m. - DEBUG:EXPORTING MODULES:Module2.bas Type: 1 - Module2
05/12/2023 11:05:00 a. m. - DEBUG:EXPORTING MODULES:Module3.bas Type: 1 - Module3
05/12/2023 11:05:00 a. m. - DEBUG:EXPORTING MODULES:Module4.bas Type: 1 - Module4
05/12/2023 11:05:00 a. m. - DEBUG:EXPORTING MODULES:Module5.bas Type: 1 - Module5
05/12/2023 11:05:00 a. m. - DEBUG:EXPORTING MODULES:Module6.bas Type: 1 - Module6
05/12/2023 11:05:00 a. m. - DEBUG:EXPORTING MODULES:Module7.bas Type: 1 - Module7
05/12/2023 11:05:00 a. m. - DEBUG:EXPORTING MODULES:Module8.bas Type: 1 - Module8
05/12/2023 11:05:00 a. m. - DEBUG:EXPORTING CLASS MODULES:Xdebug.cls Type: 2 - Xdebug
05/12/2023 11:05:00 a. m. - DEBUG:Export VBA Files To VSCode Finish
05/12/2023 11:57:37 a. m. - DEBUG:Export VBA Files To VSCode Start
05/12/2023 11:57:38 a. m. - DEBUG:EXPORTING CLASS MODULES:ThisWorkbook.cls Type: 100 - ThisWorkbook
05/12/2023 11:57:38 a. m. - DEBUG:EXPORTING CLASS MODULES:Sheet9.cls Type: 100 - Sheet9
05/12/2023 11:57:38 a. m. - DEBUG:EXPORTING CLASS MODULES:Sheet11.cls Type: 100 - Sheet11
05/12/2023 11:57:38 a. m. - DEBUG:EXPORTING CLASS MODULES:Sheet1.cls Type: 100 - Sheet1
05/12/2023 11:57:38 a. m. - DEBUG:EXPORTING CLASS MODULES:Sheet2.cls Type: 100 - Sheet2
05/12/2023 11:57:38 a. m. - DEBUG:EXPORTING FORM MODULES:UserForm3.frmType: 3 - UserForm3
05/12/2023 11:57:38 a. m. - DEBUG:EXPORTING MODULES:Module1.bas Type: 1 - Module1
05/12/2023 11:57:38 a. m. - DEBUG:EXPORTING MODULES:Module2.bas Type: 1 - Module2
05/12/2023 11:57:38 a. m. - DEBUG:EXPORTING MODULES:Module3.bas Type: 1 - Module3
05/12/2023 11:57:38 a. m. - DEBUG:EXPORTING MODULES:Module4.bas Type: 1 - Module4
05/12/2023 11:57:38 a. m. - DEBUG:EXPORTING MODULES:Module5.bas Type: 1 - Module5
05/12/2023 11:57:38 a. m. - DEBUG:EXPORTING MODULES:Module6.bas Type: 1 - Module6
05/12/2023 11:57:38 a. m. - DEBUG:EXPORTING MODULES:Module7.bas Type: 1 - Module7
05/12/2023 11:57:38 a. m. - DEBUG:EXPORTING MODULES:Module8.bas Type: 1 - Module8
05/12/2023 11:57:38 a. m. - DEBUG:EXPORTING CLASS MODULES:Xdebug.cls Type: 2 - Xdebug
05/12/2023 11:57:38 a. m. - DEBUG:Export VBA Files To VSCode Finish
06/12/2023 09:01:53 a. m. - DEBUG:Export VBA Files To VSCode Start
06/12/2023 09:01:53 a. m. - DEBUG:EXPORTING CLASS MODULES:ThisWorkbook.cls Type: 100 - ThisWorkbook
06/12/2023 09:01:53 a. m. - DEBUG:EXPORTING CLASS MODULES:Sheet9.cls Type: 100 - Sheet9
06/12/2023 09:01:53 a. m. - DEBUG:EXPORTING CLASS MODULES:Sheet11.cls Type: 100 - Sheet11
06/12/2023 09:01:53 a. m. - DEBUG:EXPORTING CLASS MODULES:Sheet1.cls Type: 100 - Sheet1
06/12/2023 09:01:53 a. m. - DEBUG:EXPORTING CLASS MODULES:Sheet2.cls Type: 100 - Sheet2
06/12/2023 09:01:53 a. m. - DEBUG:EXPORTING FORM MODULES:UserForm3.frmType: 3 - UserForm3
06/12/2023 09:01:53 a. m. - DEBUG:EXPORTING MODULES:Module1.bas Type: 1 - Module1
06/12/2023 09:01:53 a. m. - DEBUG:EXPORTING MODULES:Module2.bas Type: 1 - Module2
06/12/2023 09:01:53 a. m. - DEBUG:EXPORTING MODULES:Module3.bas Type: 1 - Module3
06/12/2023 09:01:53 a. m. - DEBUG:EXPORTING MODULES:Module4.bas Type: 1 - Module4
06/12/2023 09:01:53 a. m. - DEBUG:EXPORTING MODULES:Module5.bas Type: 1 - Module5
06/12/2023 09:01:53 a. m. - DEBUG:EXPORTING MODULES:Module6.bas Type: 1 - Module6
06/12/2023 09:01:53 a. m. - DEBUG:EXPORTING MODULES:Module7.bas Type: 1 - Module7
06/12/2023 09:01:53 a. m. - DEBUG:EXPORTING MODULES:Module8.bas Type: 1 - Module8
06/12/2023 09:01:53 a. m. - DEBUG:EXPORTING CLASS MODULES:Xdebug.cls Type: 2 - Xdebug
06/12/2023 09:01:53 a. m. - DEBUG:Export VBA Files To VSCode Finish
06/12/2023 09:34:01 a. m. - DEBUG:Export VBA Files To VSCode Start
06/12/2023 09:34:01 a. m. - DEBUG:EXPORTING CLASS MODULES:ThisWorkbook.cls Type: 100 - ThisWorkbook
06/12/2023 09:34:01 a. m. - DEBUG:EXPORTING CLASS MODULES:Sheet9.cls Type: 100 - Sheet9
06/12/2023 09:34:01 a. m. - DEBUG:EXPORTING CLASS MODULES:Sheet11.cls Type: 100 - Sheet11
06/12/2023 09:34:01 a. m. - DEBUG:EXPORTING CLASS MODULES:Sheet1.cls Type: 100 - Sheet1
06/12/2023 09:34:01 a. m. - DEBUG:EXPORTING CLASS MODULES:Sheet2.cls Type: 100 - Sheet2
06/12/2023 09:34:01 a. m. - DEBUG:EXPORTING FORM MODULES:UserForm3.frmType: 3 - UserForm3
06/12/2023 09:34:01 a. m. - DEBUG:EXPORTING MODULES:Module1.bas Type: 1 - Module1
06/12/2023 09:34:01 a. m. - DEBUG:EXPORTING MODULES:Module2.bas Type: 1 - Module2
06/12/2023 09:34:01 a. m. - DEBUG:EXPORTING MODULES:Module3.bas Type: 1 - Module3
06/12/2023 09:34:01 a. m. - DEBUG:EXPORTING MODULES:Module4.bas Type: 1 - Module4
06/12/2023 09:34:01 a. m. - DEBUG:EXPORTING MODULES:Module5.bas Type: 1 - Module5
06/12/2023 09:34:01 a. m. - DEBUG:EXPORTING MODULES:Module6.bas Type: 1 - Module6
06/12/2023 09:34:01 a. m. - DEBUG:EXPORTING MODULES:Module7.bas Type: 1 - Module7
06/12/2023 09:34:01 a. m. - DEBUG:EXPORTING MODULES:Module8.bas Type: 1 - Module8
06/12/2023 09:34:01 a. m. - DEBUG:EXPORTING CLASS MODULES:Xdebug.cls Type: 2 - Xdebug
06/12/2023 09:34:01 a. m. - DEBUG:Export VBA Files To VSCode Finish
06/12/2023 09:50:13 a. m. - DEBUG:Export VBA Files To VSCode Start
06/12/2023 09:50:13 a. m. - DEBUG:EXPORTING CLASS MODULES:ThisWorkbook.cls Type: 100 - ThisWorkbook
06/12/2023 09:50:13 a. m. - DEBUG:EXPORTING CLASS MODULES:Sheet9.cls Type: 100 - Sheet9
06/12/2023 09:50:13 a. m. - DEBUG:EXPORTING CLASS MODULES:Sheet11.cls Type: 100 - Sheet11
06/12/2023 09:50:13 a. m. - DEBUG:EXPORTING CLASS MODULES:Sheet1.cls Type: 100 - Sheet1
06/12/2023 09:50:13 a. m. - DEBUG:EXPORTING CLASS MODULES:Sheet2.cls Type: 100 - Sheet2
06/12/2023 09:50:13 a. m. - DEBUG:EXPORTING FORM MODULES:UserForm3.frmType: 3 - UserForm3
06/12/2023 09:50:13 a. m. - DEBUG:EXPORTING MODULES:Module1.bas Type: 1 - Module1
06/12/2023 09:50:13 a. m. - DEBUG:EXPORTING MODULES:Module2.bas Type: 1 - Module2
06/12/2023 09:50:13 a. m. - DEBUG:EXPORTING MODULES:Module3.bas Type: 1 - Module3
06/12/2023 09:50:13 a. m. - DEBUG:EXPORTING MODULES:Module4.bas Type: 1 - Module4
06/12/2023 09:50:13 a. m. - DEBUG:EXPORTING MODULES:Module5.bas Type: 1 - Module5
06/12/2023 09:50:13 a. m. - DEBUG:EXPORTING MODULES:Module6.bas Type: 1 - Module6
06/12/2023 09:50:13 a. m. - DEBUG:EXPORTING MODULES:Module7.bas Type: 1 - Module7
06/12/2023 09:50:13 a. m. - DEBUG:EXPORTING MODULES:Module8.bas Type: 1 - Module8
06/12/2023 09:50:13 a. m. - DEBUG:EXPORTING CLASS MODULES:Xdebug.cls Type: 2 - Xdebug
06/12/2023 09:50:13 a. m. - DEBUG:Export VBA Files To VSCode Finish
06/12/2023 10:18:11 a. m. - DEBUG:Export VBA Files To VSCode Start
06/12/2023 10:18:11 a. m. - DEBUG:EXPORTING CLASS MODULES:ThisWorkbook.cls Type: 100 - ThisWorkbook
06/12/2023 10:18:11 a. m. - DEBUG:EXPORTING CLASS MODULES:Sheet9.cls Type: 100 - Sheet9
06/12/2023 10:18:11 a. m. - DEBUG:EXPORTING CLASS MODULES:Sheet11.cls Type: 100 - Sheet11
06/12/2023 10:18:11 a. m. - DEBUG:EXPORTING CLASS MODULES:Sheet1.cls Type: 100 - Sheet1
06/12/2023 10:18:11 a. m. - DEBUG:EXPORTING CLASS MODULES:Sheet2.cls Type: 100 - Sheet2
06/12/2023 10:18:11 a. m. - DEBUG:EXPORTING FORM MODULES:UserForm3.frmType: 3 - UserForm3
06/12/2023 10:18:11 a. m. - DEBUG:EXPORTING MODULES:Module1.bas Type: 1 - Module1
06/12/2023 10:18:11 a. m. - DEBUG:EXPORTING MODULES:Module2.bas Type: 1 - Module2
06/12/2023 10:18:11 a. m. - DEBUG:EXPORTING MODULES:Module3.bas Type: 1 - Module3
06/12/2023 10:18:11 a. m. - DEBUG:EXPORTING MODULES:Module4.bas Type: 1 - Module4
06/12/2023 10:18:11 a. m. - DEBUG:EXPORTING MODULES:Module5.bas Type: 1 - Module5
06/12/2023 10:18:12 a. m. - DEBUG:EXPORTING MODULES:Module6.bas Type: 1 - Module6
06/12/2023 10:18:12 a. m. - DEBUG:EXPORTING MODULES:Module7.bas Type: 1 - Module7
06/12/2023 10:18:12 a. m. - DEBUG:EXPORTING MODULES:Module8.bas Type: 1 - Module8
06/12/2023 10:18:12 a. m. - DEBUG:EXPORTING CLASS MODULES:Xdebug.cls Type: 2 - Xdebug
06/12/2023 10:18:12 a. m. - DEBUG:Export VBA Files To VSCode Finish
06/12/2023 10:19:18 a. m. - DEBUG:Export VBA Files To VSCode Start
06/12/2023 10:19:18 a. m. - DEBUG:EXPORTING CLASS MODULES:ThisWorkbook.cls Type: 100 - ThisWorkbook
06/12/2023 10:19:18 a. m. - DEBUG:EXPORTING CLASS MODULES:Sheet9.cls Type: 100 - Sheet9
06/12/2023 10:19:18 a. m. - DEBUG:EXPORTING CLASS MODULES:Sheet11.cls Type: 100 - Sheet11
06/12/2023 10:19:18 a. m. - DEBUG:EXPORTING CLASS MODULES:Sheet1.cls Type: 100 - Sheet1
06/12/2023 10:19:18 a. m. - DEBUG:EXPORTING CLASS MODULES:Sheet2.cls Type: 100 - Sheet2
06/12/2023 10:19:18 a. m. - DEBUG:EXPORTING FORM MODULES:UserForm3.frmType: 3 - UserForm3
06/12/2023 10:19:19 a. m. - DEBUG:EXPORTING MODULES:Module1.bas Type: 1 - Module1
06/12/2023 10:19:19 a. m. - DEBUG:EXPORTING MODULES:Module2.bas Type: 1 - Module2
06/12/2023 10:19:19 a. m. - DEBUG:EXPORTING MODULES:Module3.bas Type: 1 - Module3
06/12/2023 10:19:19 a. m. - DEBUG:EXPORTING MODULES:Module4.bas Type: 1 - Module4
06/12/2023 10:19:19 a. m. - DEBUG:EXPORTING MODULES:Module5.bas Type: 1 - Module5
06/12/2023 10:19:19 a. m. - DEBUG:EXPORTING MODULES:Module6.bas Type: 1 - Module6
06/12/2023 10:19:19 a. m. - DEBUG:EXPORTING MODULES:Module7.bas Type: 1 - Module7
06/12/2023 10:19:19 a. m. - DEBUG:EXPORTING MODULES:Module8.bas Type: 1 - Module8
06/12/2023 10:19:19 a. m. - DEBUG:EXPORTING CLASS MODULES:Xdebug.cls Type: 2 - Xdebug
06/12/2023 10:19:19 a. m. - DEBUG:Export VBA Files To VSCode Finish
06/12/2023 10:50:37 a. m. - DEBUG:Export VBA Files To VSCode Start
06/12/2023 10:50:37 a. m. - DEBUG:EXPORTING CLASS MODULES:ThisWorkbook.cls Type: 100 - ThisWorkbook
06/12/2023 10:50:37 a. m. - DEBUG:EXPORTING CLASS MODULES:Sheet9.cls Type: 100 - Sheet9
06/12/2023 10:50:37 a. m. - DEBUG:EXPORTING CLASS MODULES:Sheet11.cls Type: 100 - Sheet11
06/12/2023 10:50:37 a. m. - DEBUG:EXPORTING CLASS MODULES:Sheet1.cls Type: 100 - Sheet1
06/12/2023 10:50:37 a. m. - DEBUG:EXPORTING CLASS MODULES:Sheet2.cls Type: 100 - Sheet2
06/12/2023 10:50:37 a. m. - DEBUG:EXPORTING FORM MODULES:UserForm3.frmType: 3 - UserForm3
06/12/2023 10:50:37 a. m. - DEBUG:EXPORTING MODULES:Module1.bas Type: 1 - Module1
06/12/2023 10:50:37 a. m. - DEBUG:EXPORTING MODULES:Module2.bas Type: 1 - Module2
06/12/2023 10:50:37 a. m. - DEBUG:EXPORTING MODULES:Module3.bas Type: 1 - Module3
06/12/2023 10:50:37 a. m. - DEBUG:EXPORTING MODULES:Module4.bas Type: 1 - Module4
06/12/2023 10:50:37 a. m. - DEBUG:EXPORTING MODULES:Module5.bas Type: 1 - Module5
06/12/2023 10:50:37 a. m. - DEBUG:EXPORTING MODULES:Module6.bas Type: 1 - Module6
06/12/2023 10:50:37 a. m. - DEBUG:EXPORTING MODULES:Module7.bas Type: 1 - Module7
06/12/2023 10:50:37 a. m. - DEBUG:EXPORTING MODULES:Module8.bas Type: 1 - Module8
06/12/2023 10:50:37 a. m. - DEBUG:EXPORTING CLASS MODULES:Xdebug.cls Type: 2 - Xdebug
06/12/2023 10:50:37 a. m. - DEBUG:EXPORTING CLASS MODULES:Sheet3.cls Type: 100 - Sheet3
06/12/2023 10:50:37 a. m. - DEBUG:Export VBA Files To VSCode Finish
06/12/2023 11:15:27 a. m. - DEBUG:Export VBA Files To VSCode Start
06/12/2023 11:15:27 a. m. - DEBUG:EXPORTING CLASS MODULES:ThisWorkbook.cls Type: 100 - ThisWorkbook
06/12/2023 11:15:27 a. m. - DEBUG:EXPORTING CLASS MODULES:Sheet9.cls Type: 100 - Sheet9
06/12/2023 11:15:27 a. m. - DEBUG:EXPORTING CLASS MODULES:Sheet11.cls Type: 100 - Sheet11
06/12/2023 11:15:27 a. m. - DEBUG:EXPORTING CLASS MODULES:Sheet1.cls Type: 100 - Sheet1
06/12/2023 11:15:27 a. m. - DEBUG:EXPORTING CLASS MODULES:Sheet2.cls Type: 100 - Sheet2
06/12/2023 11:15:27 a. m. - DEBUG:EXPORTING FORM MODULES:UserForm3.frmType: 3 - UserForm3
06/12/2023 11:15:27 a. m. - DEBUG:EXPORTING MODULES:Module1.bas Type: 1 - Module1
06/12/2023 11:15:27 a. m. - DEBUG:EXPORTING MODULES:Module2.bas Type: 1 - Module2
06/12/2023 11:15:27 a. m. - DEBUG:EXPORTING MODULES:Module3.bas Type: 1 - Module3
06/12/2023 11:15:27 a. m. - DEBUG:EXPORTING MODULES:Module4.bas Type: 1 - Module4
06/12/2023 11:15:27 a. m. - DEBUG:EXPORTING MODULES:Module5.bas Type: 1 - Module5
06/12/2023 11:15:27 a. m. - DEBUG:EXPORTING MODULES:Module6.bas Type: 1 - Module6
06/12/2023 11:15:27 a. m. - DEBUG:EXPORTING MODULES:Module7.bas Type: 1 - Module7
06/12/2023 11:15:27 a. m. - DEBUG:EXPORTING MODULES:Module8.bas Type: 1 - Module8
06/12/2023 11:15:27 a. m. - DEBUG:EXPORTING CLASS MODULES:Xdebug.cls Type: 2 - Xdebug
06/12/2023 11:15:27 a. m. - DEBUG:EXPORTING CLASS MODULES:Sheet3.cls Type: 100 - Sheet3
06/12/2023 11:15:27 a. m. - DEBUG:Export VBA Files To VSCode Finish
06/12/2023 11:36:13 a. m. - DEBUG:Export VBA Files To VSCode Start
06/12/2023 11:36:13 a. m. - DEBUG:EXPORTING CLASS MODULES:ThisWorkbook.cls Type: 100 - ThisWorkbook
06/12/2023 11:36:13 a. m. - DEBUG:EXPORTING CLASS MODULES:Sheet9.cls Type: 100 - Sheet9
06/12/2023 11:36:13 a. m. - DEBUG:EXPORTING CLASS MODULES:Sheet11.cls Type: 100 - Sheet11
06/12/2023 11:36:13 a. m. - DEBUG:EXPORTING CLASS MODULES:Sheet1.cls Type: 100 - Sheet1
06/12/2023 11:36:13 a. m. - DEBUG:EXPORTING CLASS MODULES:Sheet2.cls Type: 100 - Sheet2
06/12/2023 11:36:13 a. m. - DEBUG:EXPORTING CLASS MODULES:Sheet3.cls Type: 100 - Sheet3
06/12/2023 11:36:13 a. m. - DEBUG:EXPORTING FORM MODULES:UserForm3.frmType: 3 - UserForm3
06/12/2023 11:36:13 a. m. - DEBUG:EXPORTING MODULES:Module1.bas Type: 1 - Module1
06/12/2023 11:36:13 a. m. - DEBUG:EXPORTING MODULES:Module2.bas Type: 1 - Module2
06/12/2023 11:36:13 a. m. - DEBUG:EXPORTING MODULES:Module3.bas Type: 1 - Module3
06/12/2023 11:36:13 a. m. - DEBUG:EXPORTING MODULES:Module4.bas Type: 1 - Module4
06/12/2023 11:36:13 a. m. - DEBUG:EXPORTING MODULES:Module5.bas Type: 1 - Module5
06/12/2023 11:36:13 a. m. - DEBUG:EXPORTING MODULES:Module6.bas Type: 1 - Module6
06/12/2023 11:36:13 a. m. - DEBUG:EXPORTING MODULES:Module7.bas Type: 1 - Module7
06/12/2023 11:36:13 a. m. - DEBUG:EXPORTING MODULES:Module8.bas Type: 1 - Module8
06/12/2023 11:36:13 a. m. - DEBUG:EXPORTING CLASS MODULES:Xdebug.cls Type: 2 - Xdebug
06/12/2023 11:36:13 a. m. - DEBUG:Export VBA Files To VSCode Finish
06/12/2023 11:43:00 a. m. - DEBUG:Export VBA Files To VSCode Start
06/12/2023 11:43:00 a. m. - DEBUG:EXPORTING CLASS MODULES:ThisWorkbook.cls Type: 100 - ThisWorkbook
06/12/2023 11:43:00 a. m. - DEBUG:EXPORTING CLASS MODULES:Sheet9.cls Type: 100 - Sheet9
06/12/2023 11:43:00 a. m. - DEBUG:EXPORTING CLASS MODULES:Sheet11.cls Type: 100 - Sheet11
06/12/2023 11:43:00 a. m. - DEBUG:EXPORTING CLASS MODULES:Sheet1.cls Type: 100 - Sheet1
06/12/2023 11:43:00 a. m. - DEBUG:EXPORTING CLASS MODULES:Sheet2.cls Type: 100 - Sheet2
06/12/2023 11:43:00 a. m. - DEBUG:EXPORTING CLASS MODULES:Sheet3.cls Type: 100 - Sheet3
06/12/2023 11:43:00 a. m. - DEBUG:EXPORTING FORM MODULES:UserForm3.frmType: 3 - UserForm3
06/12/2023 11:43:01 a. m. - DEBUG:EXPORTING MODULES:Module1.bas Type: 1 - Module1
06/12/2023 11:43:01 a. m. - DEBUG:EXPORTING MODULES:Module2.bas Type: 1 - Module2
06/12/2023 11:43:01 a. m. - DEBUG:EXPORTING MODULES:Module3.bas Type: 1 - Module3
06/12/2023 11:43:01 a. m. - DEBUG:EXPORTING MODULES:Module4.bas Type: 1 - Module4
06/12/2023 11:43:01 a. m. - DEBUG:EXPORTING MODULES:Module5.bas Type: 1 - Module5
06/12/2023 11:43:01 a. m. - DEBUG:EXPORTING MODULES:Module6.bas Type: 1 - Module6
06/12/2023 11:43:01 a. m. - DEBUG:EXPORTING MODULES:Module7.bas Type: 1 - Module7
06/12/2023 11:43:01 a. m. - DEBUG:EXPORTING MODULES:Module8.bas Type: 1 - Module8
06/12/2023 11:43:01 a. m. - DEBUG:EXPORTING CLASS MODULES:Xdebug.cls Type: 2 - Xdebug
06/12/2023 11:43:01 a. m. - DEBUG:Export VBA Files To VSCode Finish
06/12/2023 11:45:40 a. m. - DEBUG:Export VBA Files To VSCode Start
06/12/2023 11:45:40 a. m. - DEBUG:EXPORTING CLASS MODULES:ThisWorkbook.cls Type: 100 - ThisWorkbook
06/12/2023 11:45:40 a. m. - DEBUG:EXPORTING CLASS MODULES:Sheet9.cls Type: 100 - Sheet9
06/12/2023 11:45:40 a. m. - DEBUG:EXPORTING CLASS MODULES:Sheet11.cls Type: 100 - Sheet11
06/12/2023 11:45:41 a. m. - DEBUG:EXPORTING CLASS MODULES:Sheet1.cls Type: 100 - Sheet1
06/12/2023 11:45:41 a. m. - DEBUG:EXPORTING CLASS MODULES:Sheet2.cls Type: 100 - Sheet2
06/12/2023 11:45:41 a. m. - DEBUG:EXPORTING CLASS MODULES:Sheet3.cls Type: 100 - Sheet3
06/12/2023 11:45:41 a. m. - DEBUG:EXPORTING FORM MODULES:UserForm3.frmType: 3 - UserForm3
06/12/2023 11:45:41 a. m. - DEBUG:EXPORTING MODULES:Module1.bas Type: 1 - Module1
06/12/2023 11:45:41 a. m. - DEBUG:EXPORTING MODULES:Module2.bas Type: 1 - Module2
06/12/2023 11:45:41 a. m. - DEBUG:EXPORTING MODULES:Module3.bas Type: 1 - Module3
06/12/2023 11:45:41 a. m. - DEBUG:EXPORTING MODULES:Module4.bas Type: 1 - Module4
06/12/2023 11:45:41 a. m. - DEBUG:EXPORTING MODULES:Module5.bas Type: 1 - Module5
06/12/2023 11:45:41 a. m. - DEBUG:EXPORTING MODULES:Module6.bas Type: 1 - Module6
06/12/2023 11:45:41 a. m. - DEBUG:EXPORTING MODULES:Module7.bas Type: 1 - Module7
06/12/2023 11:45:41 a. m. - DEBUG:EXPORTING MODULES:Module8.bas Type: 1 - Module8
06/12/2023 11:45:41 a. m. - DEBUG:EXPORTING CLASS MODULES:Xdebug.cls Type: 2 - Xdebug
06/12/2023 11:45:41 a. m. - DEBUG:Export VBA Files To VSCode Finish
06/12/2023 11:55:39 a. m. - DEBUG:Export VBA Files To VSCode Start
06/12/2023 11:55:39 a. m. - DEBUG:EXPORTING CLASS MODULES:ThisWorkbook.cls Type: 100 - ThisWorkbook
06/12/2023 11:55:39 a. m. - DEBUG:EXPORTING CLASS MODULES:Sheet9.cls Type: 100 - Sheet9
06/12/2023 11:55:39 a. m. - DEBUG:EXPORTING CLASS MODULES:Sheet11.cls Type: 100 - Sheet11
06/12/2023 11:55:39 a. m. - DEBUG:EXPORTING CLASS MODULES:Sheet1.cls Type: 100 - Sheet1
06/12/2023 11:55:39 a. m. - DEBUG:EXPORTING CLASS MODULES:Sheet2.cls Type: 100 - Sheet2
06/12/2023 11:55:39 a. m. - DEBUG:EXPORTING CLASS MODULES:Sheet3.cls Type: 100 - Sheet3
06/12/2023 11:55:39 a. m. - DEBUG:EXPORTING FORM MODULES:UserForm3.frmType: 3 - UserForm3
06/12/2023 11:55:39 a. m. - DEBUG:EXPORTING MODULES:Module1.bas Type: 1 - Module1
06/12/2023 11:55:39 a. m. - DEBUG:EXPORTING MODULES:Module2.bas Type: 1 - Module2
06/12/2023 11:55:39 a. m. - DEBUG:EXPORTING MODULES:Module3.bas Type: 1 - Module3
06/12/2023 11:55:39 a. m. - DEBUG:EXPORTING MODULES:Module4.bas Type: 1 - Module4
06/12/2023 11:55:39 a. m. - DEBUG:EXPORTING MODULES:Module5.bas Type: 1 - Module5
06/12/2023 11:55:39 a. m. - DEBUG:EXPORTING MODULES:Module6.bas Type: 1 - Module6
06/12/2023 11:55:39 a. m. - DEBUG:EXPORTING MODULES:Module7.bas Type: 1 - Module7
06/12/2023 11:55:39 a. m. - DEBUG:EXPORTING MODULES:Module8.bas Type: 1 - Module8
06/12/2023 11:55:39 a. m. - DEBUG:EXPORTING CLASS MODULES:Xdebug.cls Type: 2 - Xdebug
06/12/2023 11:55:39 a. m. - DEBUG:Export VBA Files To VSCode Finish
06/12/2023 12:51:36 p. m. - DEBUG:Export VBA Files To VSCode Start
06/12/2023 12:51:36 p. m. - DEBUG:EXPORTING CLASS MODULES:ThisWorkbook.cls Type: 100 - ThisWorkbook
06/12/2023 12:51:36 p. m. - DEBUG:EXPORTING CLASS MODULES:Sheet9.cls Type: 100 - Sheet9
06/12/2023 12:51:36 p. m. - DEBUG:EXPORTING CLASS MODULES:Sheet11.cls Type: 100 - Sheet11
06/12/2023 12:51:36 p. m. - DEBUG:EXPORTING CLASS MODULES:Sheet1.cls Type: 100 - Sheet1
06/12/2023 12:51:36 p. m. - DEBUG:EXPORTING CLASS MODULES:Sheet2.cls Type: 100 - Sheet2
06/12/2023 12:51:36 p. m. - DEBUG:EXPORTING CLASS MODULES:Sheet3.cls Type: 100 - Sheet3
06/12/2023 12:51:36 p. m. - DEBUG:EXPORTING FORM MODULES:UserForm3.frmType: 3 - UserForm3
06/12/2023 12:51:36 p. m. - DEBUG:EXPORTING MODULES:Module1.bas Type: 1 - Module1
06/12/2023 12:51:36 p. m. - DEBUG:EXPORTING MODULES:Module2.bas Type: 1 - Module2
06/12/2023 12:51:36 p. m. - DEBUG:EXPORTING MODULES:Module3.bas Type: 1 - Module3
06/12/2023 12:51:36 p. m. - DEBUG:EXPORTING MODULES:Module4.bas Type: 1 - Module4
06/12/2023 12:51:36 p. m. - DEBUG:EXPORTING MODULES:Module5.bas Type: 1 - Module5
06/12/2023 12:51:36 p. m. - DEBUG:EXPORTING MODULES:Module6.bas Type: 1 - Module6
06/12/2023 12:51:36 p. m. - DEBUG:EXPORTING MODULES:Module7.bas Type: 1 - Module7
06/12/2023 12:51:36 p. m. - DEBUG:EXPORTING MODULES:Module8.bas Type: 1 - Module8
06/12/2023 12:51:36 p. m. - DEBUG:EXPORTING CLASS MODULES:Xdebug.cls Type: 2 - Xdebug
06/12/2023 12:51:36 p. m. - DEBUG:Export VBA Files To VSCode Finish
07/12/2023 09:01:06 a. m. - DEBUG:Export VBA Files To VSCode Start
07/12/2023 09:01:06 a. m. - DEBUG:EXPORTING CLASS MODULES:ThisWorkbook.cls Type: 100 - ThisWorkbook
07/12/2023 09:01:06 a. m. - DEBUG:EXPORTING CLASS MODULES:Sheet9.cls Type: 100 - Sheet9
07/12/2023 09:01:06 a. m. - DEBUG:EXPORTING CLASS MODULES:Sheet11.cls Type: 100 - Sheet11
07/12/2023 09:01:06 a. m. - DEBUG:EXPORTING CLASS MODULES:Sheet1.cls Type: 100 - Sheet1
07/12/2023 09:01:06 a. m. - DEBUG:EXPORTING CLASS MODULES:Sheet2.cls Type: 100 - Sheet2
07/12/2023 09:01:06 a. m. - DEBUG:EXPORTING CLASS MODULES:Sheet3.cls Type: 100 - Sheet3
07/12/2023 09:01:06 a. m. - DEBUG:EXPORTING FORM MODULES:UserForm3.frmType: 3 - UserForm3
07/12/2023 09:01:07 a. m. - DEBUG:EXPORTING MODULES:Module1.bas Type: 1 - Module1
07/12/2023 09:01:07 a. m. - DEBUG:EXPORTING MODULES:Module2.bas Type: 1 - Module2
07/12/2023 09:01:07 a. m. - DEBUG:EXPORTING MODULES:Module3.bas Type: 1 - Module3
07/12/2023 09:01:07 a. m. - DEBUG:EXPORTING MODULES:Module4.bas Type: 1 - Module4
07/12/2023 09:01:07 a. m. - DEBUG:EXPORTING MODULES:Module6.bas Type: 1 - Module6
07/12/2023 09:01:07 a. m. - DEBUG:EXPORTING MODULES:Module7.bas Type: 1 - Module7
07/12/2023 09:01:07 a. m. - DEBUG:EXPORTING MODULES:Module8.bas Type: 1 - Module8
07/12/2023 09:01:07 a. m. - DEBUG:EXPORTING CLASS MODULES:Xdebug.cls Type: 2 - Xdebug
07/12/2023 09:01:07 a. m. - DEBUG:Export VBA Files To VSCode Finish
07/12/2023 09:06:00 a. m. - DEBUG:Export VBA Files To VSCode Start
07/12/2023 09:06:00 a. m. - DEBUG:EXPORTING CLASS MODULES:ThisWorkbook.cls Type: 100 - ThisWorkbook
07/12/2023 09:06:00 a. m. - DEBUG:EXPORTING CLASS MODULES:Sheet9.cls Type: 100 - Sheet9
07/12/2023 09:06:00 a. m. - DEBUG:EXPORTING CLASS MODULES:Sheet11.cls Type: 100 - Sheet11
07/12/2023 09:06:00 a. m. - DEBUG:EXPORTING CLASS MODULES:Sheet1.cls Type: 100 - Sheet1
07/12/2023 09:06:00 a. m. - DEBUG:EXPORTING CLASS MODULES:Sheet2.cls Type: 100 - Sheet2
07/12/2023 09:06:00 a. m. - DEBUG:EXPORTING CLASS MODULES:Sheet3.cls Type: 100 - Sheet3
07/12/2023 09:06:00 a. m. - DEBUG:EXPORTING FORM MODULES:UserForm3.frmType: 3 - UserForm3
07/12/2023 09:06:00 a. m. - DEBUG:EXPORTING MODULES:Module1.bas Type: 1 - Module1
07/12/2023 09:06:00 a. m. - DEBUG:EXPORTING MODULES:Module2.bas Type: 1 - Module2
07/12/2023 09:06:00 a. m. - DEBUG:EXPORTING MODULES:Module3.bas Type: 1 - Module3
07/12/2023 09:06:00 a. m. - DEBUG:EXPORTING MODULES:Module4.bas Type: 1 - Module4
07/12/2023 09:06:00 a. m. - DEBUG:EXPORTING MODULES:Module6.bas Type: 1 - Module6
07/12/2023 09:06:00 a. m. - DEBUG:EXPORTING MODULES:Module7.bas Type: 1 - Module7
07/12/2023 09:06:00 a. m. - DEBUG:EXPORTING MODULES:Module8.bas Type: 1 - Module8
07/12/2023 09:06:00 a. m. - DEBUG:EXPORTING CLASS MODULES:Xdebug.cls Type: 2 - Xdebug
07/12/2023 09:06:00 a. m. - DEBUG:Export VBA Files To VSCode Finish
07/12/2023 11:09:55 a. m. - DEBUG:Export VBA Files To VSCode Start
07/12/2023 11:09:55 a. m. - DEBUG:EXPORTING CLASS MODULES:ThisWorkbook.cls Type: 100 - ThisWorkbook
07/12/2023 11:09:55 a. m. - DEBUG:EXPORTING CLASS MODULES:Sheet9.cls Type: 100 - Sheet9
07/12/2023 11:09:55 a. m. - DEBUG:EXPORTING CLASS MODULES:Sheet11.cls Type: 100 - Sheet11
07/12/2023 11:09:55 a. m. - DEBUG:EXPORTING CLASS MODULES:Sheet1.cls Type: 100 - Sheet1
07/12/2023 11:09:55 a. m. - DEBUG:EXPORTING CLASS MODULES:Sheet2.cls Type: 100 - Sheet2
07/12/2023 11:09:55 a. m. - DEBUG:EXPORTING CLASS MODULES:Sheet3.cls Type: 100 - Sheet3
07/12/2023 11:09:55 a. m. - DEBUG:EXPORTING FORM MODULES:UserForm3.frmType: 3 - UserForm3
07/12/2023 11:09:55 a. m. - DEBUG:EXPORTING MODULES:Module1.bas Type: 1 - Module1
07/12/2023 11:09:55 a. m. - DEBUG:EXPORTING MODULES:Module2.bas Type: 1 - Module2
07/12/2023 11:09:55 a. m. - DEBUG:EXPORTING MODULES:Module3.bas Type: 1 - Module3
07/12/2023 11:09:55 a. m. - DEBUG:EXPORTING MODULES:Module4.bas Type: 1 - Module4
07/12/2023 11:09:55 a. m. - DEBUG:EXPORTING MODULES:Module5.bas Type: 1 - Module5
07/12/2023 11:09:55 a. m. - DEBUG:EXPORTING MODULES:Module6.bas Type: 1 - Module6
07/12/2023 11:09:55 a. m. - DEBUG:EXPORTING MODULES:Module7.bas Type: 1 - Module7
07/12/2023 11:09:55 a. m. - DEBUG:EXPORTING MODULES:Module8.bas Type: 1 - Module8
07/12/2023 11:09:55 a. m. - DEBUG:EXPORTING CLASS MODULES:Xdebug.cls Type: 2 - Xdebug
07/12/2023 11:09:55 a. m. - DEBUG:Export VBA Files To VSCode Finish
08/12/2023 12:00:45 p. m. - DEBUG:Export VBA Files To VSCode Start
08/12/2023 12:00:45 p. m. - DEBUG:EXPORTING CLASS MODULES:ThisWorkbook.cls Type: 100 - ThisWorkbook
08/12/2023 12:00:45 p. m. - DEBUG:EXPORTING CLASS MODULES:Sheet9.cls Type: 100 - Sheet9
08/12/2023 12:00:45 p. m. - DEBUG:EXPORTING CLASS MODULES:Sheet11.cls Type: 100 - Sheet11
08/12/2023 12:00:45 p. m. - DEBUG:EXPORTING CLASS MODULES:Sheet1.cls Type: 100 - Sheet1
08/12/2023 12:00:45 p. m. - DEBUG:EXPORTING CLASS MODULES:Sheet2.cls Type: 100 - Sheet2
08/12/2023 12:00:45 p. m. - DEBUG:EXPORTING CLASS MODULES:Sheet3.cls Type: 100 - Sheet3
08/12/2023 12:00:45 p. m. - DEBUG:EXPORTING FORM MODULES:UserForm3.frmType: 3 - UserForm3
08/12/2023 12:00:45 p. m. - DEBUG:EXPORTING MODULES:Module1.bas Type: 1 - Module1
08/12/2023 12:00:45 p. m. - DEBUG:EXPORTING MODULES:Module2.bas Type: 1 - Module2
08/12/2023 12:00:45 p. m. - DEBUG:EXPORTING MODULES:Module3.bas Type: 1 - Module3
08/12/2023 12:00:45 p. m. - DEBUG:EXPORTING MODULES:Module4.bas Type: 1 - Module4
08/12/2023 12:00:45 p. m. - DEBUG:EXPORTING MODULES:Module5.bas Type: 1 - Module5
08/12/2023 12:00:45 p. m. - DEBUG:EXPORTING MODULES:Module6.bas Type: 1 - Module6
08/12/2023 12:00:45 p. m. - DEBUG:EXPORTING MODULES:Module7.bas Type: 1 - Module7
08/12/2023 12:00:45 p. m. - DEBUG:EXPORTING MODULES:Module8.bas Type: 1 - Module8
08/12/2023 12:00:45 p. m. - DEBUG:EXPORTING CLASS MODULES:Xdebug.cls Type: 2 - Xdebug
08/12/2023 12:00:45 p. m. - DEBUG:Export VBA Files To VSCode Finish
13/12/2023 10:02:18 a. m. - DEBUG:Export VBA Files To VSCode Start
13/12/2023 10:02:18 a. m. - DEBUG:EXPORTING CLASS MODULES:ThisWorkbook.cls Type: 100 - ThisWorkbook
13/12/2023 10:02:18 a. m. - DEBUG:EXPORTING CLASS MODULES:Sheet9.cls Type: 100 - Sheet9
13/12/2023 10:02:18 a. m. - DEBUG:EXPORTING CLASS MODULES:Sheet11.cls Type: 100 - Sheet11
13/12/2023 10:02:18 a. m. - DEBUG:EXPORTING CLASS MODULES:Sheet1.cls Type: 100 - Sheet1
13/12/2023 10:02:18 a. m. - DEBUG:EXPORTING CLASS MODULES:Sheet2.cls Type: 100 - Sheet2
13/12/2023 10:02:18 a. m. - DEBUG:EXPORTING CLASS MODULES:Sheet3.cls Type: 100 - Sheet3
13/12/2023 10:02:18 a. m. - DEBUG:EXPORTING FORM MODULES:UserForm3.frmType: 3 - UserForm3
13/12/2023 10:02:18 a. m. - DEBUG:EXPORTING MODULES:Module1.bas Type: 1 - Module1
13/12/2023 10:02:18 a. m. - DEBUG:EXPORTING MODULES:Module2.bas Type: 1 - Module2
13/12/2023 10:02:18 a. m. - DEBUG:EXPORTING MODULES:Module3.bas Type: 1 - Module3
13/12/2023 10:02:18 a. m. - DEBUG:EXPORTING MODULES:Module4.bas Type: 1 - Module4
13/12/2023 10:02:18 a. m. - DEBUG:EXPORTING MODULES:Module5.bas Type: 1 - Module5
13/12/2023 10:02:18 a. m. - DEBUG:EXPORTING MODULES:Module6.bas Type: 1 - Module6
13/12/2023 10:02:18 a. m. - DEBUG:EXPORTING MODULES:Module7.bas Type: 1 - Module7
13/12/2023 10:02:18 a. m. - DEBUG:EXPORTING MODULES:Module8.bas Type: 1 - Module8
13/12/2023 10:02:18 a. m. - DEBUG:EXPORTING CLASS MODULES:Xdebug.cls Type: 2 - Xdebug
13/12/2023 10:02:18 a. m. - DEBUG:Export VBA Files To VSCode Finish
15/12/2023 09:40:04 a. m. - DEBUG:Export VBA Files To VSCode Start
15/12/2023 09:40:04 a. m. - DEBUG:EXPORTING CLASS MODULES:ThisWorkbook.cls Type: 100 - ThisWorkbook
15/12/2023 09:40:04 a. m. - DEBUG:EXPORTING CLASS MODULES:Sheet9.cls Type: 100 - Sheet9
15/12/2023 09:40:04 a. m. - DEBUG:EXPORTING CLASS MODULES:Sheet11.cls Type: 100 - Sheet11
15/12/2023 09:40:04 a. m. - DEBUG:EXPORTING CLASS MODULES:Sheet1.cls Type: 100 - Sheet1
15/12/2023 09:40:04 a. m. - DEBUG:EXPORTING CLASS MODULES:Sheet2.cls Type: 100 - Sheet2
15/12/2023 09:40:04 a. m. - DEBUG:EXPORTING CLASS MODULES:Sheet3.cls Type: 100 - Sheet3
15/12/2023 09:40:04 a. m. - DEBUG:EXPORTING FORM MODULES:UserForm3.frmType: 3 - UserForm3
15/12/2023 09:40:04 a. m. - DEBUG:EXPORTING MODULES:Module1.bas Type: 1 - Module1
15/12/2023 09:40:04 a. m. - DEBUG:EXPORTING MODULES:Module2.bas Type: 1 - Module2
15/12/2023 09:40:04 a. m. - DEBUG:EXPORTING MODULES:Module3.bas Type: 1 - Module3
15/12/2023 09:40:04 a. m. - DEBUG:EXPORTING MODULES:Module4.bas Type: 1 - Module4
15/12/2023 09:40:04 a. m. - DEBUG:EXPORTING MODULES:Module5.bas Type: 1 - Module5
15/12/2023 09:40:04 a. m. - DEBUG:EXPORTING MODULES:Module6.bas Type: 1 - Module6
15/12/2023 09:40:04 a. m. - DEBUG:EXPORTING MODULES:Module7.bas Type: 1 - Module7
15/12/2023 09:40:04 a. m. - DEBUG:EXPORTING MODULES:Module8.bas Type: 1 - Module8
15/12/2023 09:40:04 a. m. - DEBUG:EXPORTING CLASS MODULES:Xdebug.cls Type: 2 - Xdebug
15/12/2023 09:40:04 a. m. - DEBUG:Export VBA Files To VSCode Finish
15/12/2023 10:08:09 a. m. - DEBUG:Export VBA Files To VSCode Start
15/12/2023 10:08:09 a. m. - DEBUG:EXPORTING CLASS MODULES:ThisWorkbook.cls Type: 100 - ThisWorkbook
15/12/2023 10:08:09 a. m. - DEBUG:EXPORTING CLASS MODULES:Sheet9.cls Type: 100 - Sheet9
15/12/2023 10:08:09 a. m. - DEBUG:EXPORTING CLASS MODULES:Sheet11.cls Type: 100 - Sheet11
15/12/2023 10:08:09 a. m. - DEBUG:EXPORTING CLASS MODULES:Sheet1.cls Type: 100 - Sheet1
15/12/2023 10:08:09 a. m. - DEBUG:EXPORTING CLASS MODULES:Sheet2.cls Type: 100 - Sheet2
15/12/2023 10:08:09 a. m. - DEBUG:EXPORTING CLASS MODULES:Sheet3.cls Type: 100 - Sheet3
15/12/2023 10:08:09 a. m. - DEBUG:EXPORTING FORM MODULES:UserForm3.frmType: 3 - UserForm3
15/12/2023 10:08:10 a. m. - DEBUG:EXPORTING MODULES:Module1.bas Type: 1 - Module1
15/12/2023 10:08:10 a. m. - DEBUG:EXPORTING MODULES:Module2.bas Type: 1 - Module2
15/12/2023 10:08:10 a. m. - DEBUG:EXPORTING MODULES:Module3.bas Type: 1 - Module3
15/12/2023 10:08:10 a. m. - DEBUG:EXPORTING MODULES:Module4.bas Type: 1 - Module4
15/12/2023 10:08:10 a. m. - DEBUG:EXPORTING MODULES:Module5.bas Type: 1 - Module5
15/12/2023 10:08:10 a. m. - DEBUG:EXPORTING MODULES:Module6.bas Type: 1 - Module6
15/12/2023 10:08:10 a. m. - DEBUG:EXPORTING MODULES:Module7.bas Type: 1 - Module7
15/12/2023 10:08:10 a. m. - DEBUG:EXPORTING MODULES:Module8.bas Type: 1 - Module8
15/12/2023 10:08:10 a. m. - DEBUG:EXPORTING CLASS MODULES:Xdebug.cls Type: 2 - Xdebug
15/12/2023 10:08:10 a. m. - DEBUG:Export VBA Files To VSCode Finish
